[01:02:23] [main/INFO]: Environment: authHost='https://authserver.mojang.com', accountsHost='https://api.mojang.com', sessionHost='https://sessionserver.mojang.com', servicesHost='https://api.minecraftservices.com', name='PROD'
[01:02:24] [main/WARN]: Ambiguity between arguments [teleport, location] and [teleport, destination] with inputs: [0.1 -0.5 .9, 0 0 0]
[01:02:24] [main/WARN]: Ambiguity between arguments [teleport, location] and [teleport, targets] with inputs: [0.1 -0.5 .9, 0 0 0]
[01:02:24] [main/WARN]: Ambiguity between arguments [teleport, destination] and [teleport, targets] with inputs: [Player, 0123, @e, dd12be42-52a9-4a91-a8a1-11c01849e498]
[01:02:24] [main/WARN]: Ambiguity between arguments [teleport, targets] and [teleport, destination] with inputs: [Player, 0123, dd12be42-52a9-4a91-a8a1-11c01849e498]
[01:02:24] [main/WARN]: Ambiguity between arguments [teleport, targets, location] and [teleport, targets, destination] with inputs: [0.1 -0.5 .9, 0 0 0]
[01:02:24] [main/INFO]: Reloading ResourceManager: Default
[01:02:24] [Worker-Main-9/INFO]: Loaded 7 recipes
[01:02:25] [Worker-Main-9/INFO]: Loaded 1137 advancements
[01:02:26] [Server thread/INFO]: Starting minecraft server version 1.17.1
[01:02:26] [Server thread/INFO]: Loading properties
[01:02:26] [Server thread/INFO]: Default game type: SURVIVAL
[01:02:26] [Server thread/INFO]: Generating keypair
[01:02:26] [Server thread/INFO]: Starting Minecraft server on *:25565
[01:02:27] [Server thread/INFO]: Using epoll channel type
[01:02:27] [Server thread/WARN]: **** SERVER IS RUNNING IN OFFLINE/INSECURE MODE!
[01:02:27] [Server thread/WARN]: The server will make no attempt to authenticate usernames. Beware.
[01:02:27] [Server thread/WARN]: While this makes the game possible to play without internet access, it also opens up the ability for hackers to connect with any username they choose.
[01:02:27] [Server thread/WARN]: To change this, set "online-mode" to "true" in the server.properties file.
[01:02:27] [Server thread/INFO]: Preparing level "world"
[01:02:34] [Server thread/INFO]: Preparing start region for dimension minecraft:overworld
[01:02:34] [Worker-Main-9/INFO]: Preparing spawn area: 0%
[01:02:34] [Worker-Main-6/INFO]: Preparing spawn area: 0%
[01:02:35] [Worker-Main-6/INFO]: Preparing spawn area: 0%
[01:02:35] [Worker-Main-7/INFO]: Preparing spawn area: 0%
[01:02:36] [Worker-Main-10/INFO]: Preparing spawn area: 0%
[01:02:36] [Worker-Main-10/INFO]: Preparing spawn area: 1%
[01:02:37] [Worker-Main-10/INFO]: Preparing spawn area: 2%
[01:02:37] [Worker-Main-10/INFO]: Preparing spawn area: 3%
[01:02:38] [Worker-Main-6/INFO]: Preparing spawn area: 4%
[01:02:38] [Worker-Main-8/INFO]: Preparing spawn area: 4%
[01:02:39] [Worker-Main-6/INFO]: Preparing spawn area: 7%
[01:02:39] [Worker-Main-6/INFO]: Preparing spawn area: 9%
[01:02:40] [Worker-Main-6/INFO]: Preparing spawn area: 12%
[01:02:40] [Worker-Main-10/INFO]: Preparing spawn area: 12%
[01:02:41] [Worker-Main-6/INFO]: Preparing spawn area: 12%
[01:02:41] [Worker-Main-10/INFO]: Preparing spawn area: 23%
[01:02:42] [Worker-Main-10/INFO]: Preparing spawn area: 24%
[01:02:42] [Worker-Main-6/INFO]: Preparing spawn area: 24%
[01:02:43] [Worker-Main-7/INFO]: Preparing spawn area: 24%
[01:02:43] [Worker-Main-10/INFO]: Preparing spawn area: 33%
[01:02:44] [Worker-Main-6/INFO]: Preparing spawn area: 33%
[01:02:44] [Worker-Main-9/INFO]: Preparing spawn area: 37%
[01:02:45] [Worker-Main-9/INFO]: Preparing spawn area: 37%
[01:02:45] [Worker-Main-8/INFO]: Preparing spawn area: 41%
[01:02:46] [Worker-Main-7/INFO]: Preparing spawn area: 46%
[01:02:46] [Worker-Main-6/INFO]: Preparing spawn area: 46%
[01:02:47] [Worker-Main-7/INFO]: Preparing spawn area: 53%
[01:02:48] [Worker-Main-7/INFO]: Preparing spawn area: 56%
[01:02:48] [Worker-Main-9/INFO]: Preparing spawn area: 56%
[01:02:48] [Worker-Main-9/INFO]: Preparing spawn area: 56%
[01:02:49] [Worker-Main-8/INFO]: Preparing spawn area: 67%
[01:02:49] [Worker-Main-6/INFO]: Preparing spawn area: 70%
[01:02:50] [Worker-Main-6/INFO]: Preparing spawn area: 71%
[01:02:51] [Worker-Main-9/INFO]: Preparing spawn area: 75%
[01:02:51] [Worker-Main-9/INFO]: Preparing spawn area: 75%
[01:02:51] [Worker-Main-9/INFO]: Preparing spawn area: 75%
[01:02:52] [Worker-Main-7/INFO]: Preparing spawn area: 85%
[01:02:52] [Worker-Main-9/INFO]: Preparing spawn area: 87%
[01:02:53] [Worker-Main-6/INFO]: Preparing spawn area: 89%
[01:02:53] [Worker-Main-6/INFO]: Preparing spawn area: 93%
[01:02:54] [Worker-Main-6/INFO]: Preparing spawn area: 96%
[01:02:54] [Server thread/INFO]: Time elapsed: 20158 ms
[01:02:54] [Server thread/INFO]: Done (27.009s)! For help, type "help"
[01:06:44] [Server thread/INFO]: HilmAlex[/172.24.240.1:1213] logged in with entity id 418 at (208.5, 67.0, 140.5)
[01:06:44] [Server thread/INFO]: HilmAlex joined the game
[01:08:44] [Server thread/INFO]: HilmAlex has made the advancement [Stone Age]
[01:09:11] [Server thread/INFO]: HilmAlex has made the advancement [Getting an Upgrade]
[01:09:55] [Server thread/INFO]: HilmAlex has made the advancement [Acquire Hardware]
[01:10:08] [Server thread/INFO]: HilmAlex has made the advancement [Diamonds!]
[01:10:18] [Server thread/INFO]: HilmAlex blew up
[01:10:23] [Server thread/INFO]: HilmAlex lost connection: Disconnected
[01:10:23] [Server thread/INFO]: HilmAlex left the game
